Determining if the pthread_create exist failed with the following output:
Change Dir: /home/localadmin/catkin_ws/src/iiwa_fri_stack/fri_client_sdk/cmake-build-debug/CMakeFiles/CMakeTmp

Run Build Command:"/usr/bin/make" "cmTC_cf182/fast"
/usr/bin/make -f CMakeFiles/cmTC_cf182.dir/build.make CMakeFiles/cmTC_cf182.dir/build
make[1]: Entering directory '/home/localadmin/catkin_ws/src/iiwa_fri_stack/fri_client_sdk/cmake-build-debug/CMakeFiles/CMakeTmp'
Building C object CMakeFiles/cmTC_cf182.dir/CheckSymbolExists.c.o
/usr/bin/cc    -o CMakeFiles/cmTC_cf182.dir/CheckSymbolExists.c.o   -c /home/localadmin/catkin_ws/src/iiwa_fri_stack/fri_client_sdk/cmake-build-debug/CMakeFiles/CMakeTmp/CheckSymbolExists.c
Linking C executable cmTC_cf182
/home/localadmin/.local/share/JetBrains/Toolbox/apps/CLion/ch-0/172.4343.16/bin/cmake/bin/cmake -E cmake_link_script CMakeFiles/cmTC_cf182.dir/link.txt --verbose=1
/usr/bin/cc      -rdynamic CMakeFiles/cmTC_cf182.dir/CheckSymbolExists.c.o  -o cmTC_cf182 
CMakeFiles/cmTC_cf182.dir/CheckSymbolExists.c.o: In function `main':
CheckSymbolExists.c:(.text+0x16): undefined reference to `pthread_create'
collect2: error: ld returned 1 exit status
CMakeFiles/cmTC_cf182.dir/build.make:97: recipe for target 'cmTC_cf182' failed
make[1]: *** [cmTC_cf182] Error 1
make[1]: Leaving directory '/home/localadmin/catkin_ws/src/iiwa_fri_stack/fri_client_sdk/cmake-build-debug/CMakeFiles/CMakeTmp'
Makefile:126: recipe for target 'cmTC_cf182/fast' failed
make: *** [cmTC_cf182/fast] Error 2

File /home/localadmin/catkin_ws/src/iiwa_fri_stack/fri_client_sdk/cmake-build-debug/CMakeFiles/CMakeTmp/CheckSymbolExists.c:
/* */
#include <pthread.h>

int main(int argc, char** argv)
{
  (void)argv;
#ifndef pthread_create
  return ((int*)(&pthread_create))[argc];
#else
  (void)argc;
  return 0;
#endif
}

Determining if the function pthread_create exists in the pthreads failed with the following output:
Change Dir: /home/localadmin/catkin_ws/src/iiwa_fri_stack/fri_client_sdk/cmake-build-debug/CMakeFiles/CMakeTmp

Run Build Command:"/usr/bin/make" "cmTC_98e6d/fast"
/usr/bin/make -f CMakeFiles/cmTC_98e6d.dir/build.make CMakeFiles/cmTC_98e6d.dir/build
make[1]: Entering directory '/home/localadmin/catkin_ws/src/iiwa_fri_stack/fri_client_sdk/cmake-build-debug/CMakeFiles/CMakeTmp'
Building C object CMakeFiles/cmTC_98e6d.dir/CheckFunctionExists.c.o
/usr/bin/cc   -DCHECK_FUNCTION_EXISTS=pthread_create   -o CMakeFiles/cmTC_98e6d.dir/CheckFunctionExists.c.o   -c /home/localadmin/.local/share/JetBrains/Toolbox/apps/CLion/ch-0/172.4343.16/bin/cmake/share/cmake-3.8/Modules/CheckFunctionExists.c
Linking C executable cmTC_98e6d
/home/localadmin/.local/share/JetBrains/Toolbox/apps/CLion/ch-0/172.4343.16/bin/cmake/bin/cmake -E cmake_link_script CMakeFiles/cmTC_98e6d.dir/link.txt --verbose=1
/usr/bin/cc  -DCHECK_FUNCTION_EXISTS=pthread_create    -rdynamic CMakeFiles/cmTC_98e6d.dir/CheckFunctionExists.c.o  -o cmTC_98e6d -lpthreads 
/usr/bin/ld: cannot find -lpthreads
collect2: error: ld returned 1 exit status
CMakeFiles/cmTC_98e6d.dir/build.make:97: recipe for target 'cmTC_98e6d' failed
make[1]: *** [cmTC_98e6d] Error 1
make[1]: Leaving directory '/home/localadmin/catkin_ws/src/iiwa_fri_stack/fri_client_sdk/cmake-build-debug/CMakeFiles/CMakeTmp'
Makefile:126: recipe for target 'cmTC_98e6d/fast' failed
make: *** [cmTC_98e6d/fast] Error 2


